<?xml version="1.0" encoding="UTF-8"?>
<!-- Generated by org.testng.reporters.JUnitXMLReporter -->
<testsuite ignored="0" hostname="DESKTOP-4JIBQGI" failures="0" tests="41" name="Test" time="0.178" errors="0" timestamp="2023-02-14T18:31:28 IST">
  <testcase classname="com.nityaobject.roombooking.NewTestRoom" name="testingBookingPositive" time="0.023"/>
  <testcase classname="com.nityaobject.roombooking.NewTestRoom" name="testingBookingPositive" time="0.001"/>
  <testcase classname="com.nityaobject.roombooking.NewTestRoom" name="testingBookingPositive" time="0.002"/>
  <testcase classname="com.nityaobject.roombooking.NewTestRoom" name="testingBookingNegative" time="0.001"/>
  <testcase classname="com.nityaobject.roombooking.NewTestRoom" name="testingBookingNegative" time="0.001"/>
  <testcase classname="com.nityaobject.roombooking.NewTestRoom" name="testingBookingNegative" time="0.001"/>
  <testcase classname="com.nityaobject.roombooking.NewTestRoom" name="testingBookingNegative" time="0.001"/>
  <testcase classname="com.nityaobject.roombooking.NewTestRoom" name="testingBookingNegative" time="0.002"/>
  <testcase classname="com.nityaobject.roombooking.NewTestRoom" name="testingBookingNegative" time="0.001"/>
  <testcase classname="com.nityaobject.roombooking.NewTestRoom" name="testingOfFindBookingByRoomIdPositive" time="0.004"/>
  <testcase classname="com.nityaobject.roombooking.NewTestRoom" name="testingOfFindBookingByRoomIdPositive" time="0.001"/>
  <testcase classname="com.nityaobject.roombooking.NewTestRoom" name="testingOfFindBookingByRoomIdNegative" time="0.001"/>
  <testcase classname="com.nityaobject.roombooking.NewTestRoom" name="testingOfFindBookingByRoomIdNegative" time="0.001"/>
  <testcase classname="com.nityaobject.roombooking.NewTestRoom" name="testingOfFindBookingByRoomIdNegative" time="0.001"/>
  <testcase classname="com.nityaobject.roombooking.NewTestRoom" name="testingOfFindBookingByRoomIdNegative" time="0.0"/>
  <testcase classname="com.nityaobject.roombooking.NewTestRoom" name="testingOfFindBookingByCustomerIdPositive" time="0.001"/>
  <testcase classname="com.nityaobject.roombooking.NewTestRoom" name="testingOfFindBookingByCustomerIdPositive" time="0.001"/>
  <testcase classname="com.nityaobject.roombooking.NewTestRoom" name="testingOfFindBookingByCustomerIdNegative" time="0.001"/>
  <testcase classname="com.nityaobject.roombooking.NewTestRoom" name="testingOfFindBookingByCustomerIdNegative" time="0.001"/>
  <testcase classname="com.nityaobject.roombooking.NewTestRoom" name="testingCalculateAmountBookingPositive" time="0.004"/>
  <testcase classname="com.nityaobject.roombooking.NewTestRoom" name="testingCalculateAmountBookingPositive" time="0.001"/>
  <testcase classname="com.nityaobject.roombooking.NewTestRoom" name="testingCalculateAmountBookingPositive" time="0.001"/>
  <testcase classname="com.nityaobject.roombooking.NewTestRoom" name="testingCalculateAmountBookingNegative" time="0.001"/>
  <testcase classname="com.nityaobject.roombooking.NewTestRoom" name="testingCalculateAmountBookingNegative" time="0.002"/>
  <testcase classname="com.nityaobject.roombooking.NewTestRoom" name="testingCalculateAmountBookingNegative" time="0.002"/>
  <testcase classname="com.nityaobject.roombooking.NewTestRoom" name="testingCalculateAmountBookingNegative" time="0.001"/>
  <testcase classname="com.nityaobject.roombooking.NewTestRoom" name="testingCalculateAmountBookingNegative" time="0.0"/>
  <testcase classname="com.nityaobject.roombooking.NewTestRoom" name="testingCalculateAmountBookingNegative" time="0.0"/>
  <testcase classname="com.nityaobject.roombooking.NewTestRoom" name="testCancelBookingPositive" time="0.004"/>
  <testcase classname="com.nityaobject.roombooking.NewTestRoom" name="testCancelBookingPositive" time="0.001"/>
  <testcase classname="com.nityaobject.roombooking.NewTestRoom" name="testCancelBookingNegative" time="0.0"/>
  <testcase classname="com.nityaobject.roombooking.NewTestRoom" name="testCancelBookingNegative" time="0.001"/>
  <testcase classname="com.nityaobject.roombooking.NewTestRoom" name="testCancelBookingNegative" time="0.001"/>
  <testcase classname="com.nityaobject.roombooking.NewTestRoom" name="testCancelBookingNegative" time="0.001"/>
  <testcase classname="com.nityaobject.roombooking.NewTestRoom" name="testCancelBookingNegative" time="0.0"/>
  <testcase classname="com.nityaobject.roombooking.NewTestRoom" name="testCancelBookingNegative" time="0.0"/>
  <testcase classname="com.nityaobject.roombooking.NewTestRoom" name="testCancelBookingNegative" time="0.001"/>
  <testcase classname="com.nityaobject.roombooking.NewTestRoom" name="testCancelBookingNegative" time="0.001"/>
  <testcase classname="com.nityaobject.roombooking.NewTestRoom" name="testCancelBookingNegative" time="0.0"/>
  <testcase classname="com.nityaobject.roombooking.NewTestRoom" name="testCancelRoomforARangeOfdatesUsingObjectPositive" time="0.003"/>
  <testcase classname="com.nityaobject.roombooking.NewTestRoom" name="testCancelRoomforARangeOfdatesUsingObjectNegative" time="0.001"/>
</testsuite> <!-- Test -->
