<?xml version="1.0" encoding="UTF-8" ?>
<testsuite tests="1" failures="1" name="com.nityaobject.roombooking.main.MainNGTest" time="0.055" errors="0" skipped="0">
  <properties>
[...]
</properties>
  <testcase classname="com.nityaobject.roombooking.main.MainNGTest" name="testMain" time="0.055">
    <failure message="The test case is a prototype." type="java.lang.AssertionError">java.lang.AssertionError: The test case is a prototype.
	at org.testng.Assert.fail(Assert.java:110)
	at com.nityaobject.roombooking.main.MainNGTest.testMain(MainNGTest.java:48)
</failure>
    <system-out>Configuring TestNG with: org.apache.maven.surefire.testng.conf.TestNG652Configurator@33a10788
main
 total bill amount 1045.0
 total bill amount 2750.0
---------------------------- For booking room test cases------------------------------
 total bill amount 1045.0
SUCCESS
 total bill amount 2640.0
SUCCESS
SUCCESS
SUCCESS
{1=Customer{customer_name=Ajay, customer_id=1}, 2=Customer{customer_name=Raju, customer_id=2}}
</system-out>
    <system-err>SLF4J: Failed to load class &quot;org.slf4j.impl.StaticLoggerBinder&quot;.
SLF4J: Defaulting to no-operation (NOP) logger implementation
SLF4J: See http://www.slf4j.org/codes.html#StaticLoggerBinder for further details.
</system-err>
  </testcase>
</testsuite>