<?xml version="1.0" encoding="UTF-8"?>
<!-- Generated by org.testng.reporters.JUnitXMLReporter -->
<testsuite ignored="0" hostname="DESKTOP-4JIBQGI" failures="1" tests="1" name="Command line test" time="0.113" errors="0" timestamp="2023-01-19T11:09:14 IST">
  <testcase classname="com.nityaobject.roombooking.main.MainNGTest" name="testMain" time="0.051">
    <failure type="java.lang.AssertionError" message="The test case is a prototype.">
      <![CDATA[java.lang.AssertionError: The test case is a prototype.
at com.nityaobject.roombooking.main.MainNGTest.testMain(MainNGTest.java:48)
at java.base/java.util.ArrayList.forEach(ArrayList.java:1511)
... Removed 33 stack frames]]>
    </failure>
  </testcase> <!-- testMain -->
</testsuite> <!-- Command line test -->
